# JRE version: OpenJDK Runtime Environment (19.0.1+10) (build 19.0.1+10-21)
# Java VM: OpenJDK 64-Bit Server VM (19.0.1+10-21, mixed mode, sharing, tiered, compressed oops, compressed class ptrs, g1 gc, windows-amd64)
GC Precious Log:
 CardTable entry size: 512
 Card Set container configuration: InlinePtr #cards 4 size 8 Array Of Cards #cards 32 size 80 Howl #buckets 8 coarsen threshold 7372 Howl Bitmap #cards 1024 size 144 coarsen threshold 921 Card regions per heap region 1 cards per card region 8192
 CPUs: 16 total, 16 available
 Memory: 32714M
 Large Page Support: Disabled
 NUMA Support: Disabled
 Compressed Oops: Enabled (Zero based)
 Heap Region Size: 4M
 Heap Min Capacity: 8M
 Heap Initial Capacity: 512M
 Heap Max Capacity: 8180M
 Pre-touch: Disabled
 Parallel Workers: 13
 Concurrent Workers: 3
 Concurrent Refinement Workers: 13
 Periodic GC: Disabled
Heap:
 garbage-first heap   total 311296K, used 73804K [0x0000000600c00000, 0x0000000800000000)
  region size 4096K, 13 young (53248K), 1 survivors (4096K)
 Metaspace       used 31095K, committed 31616K, reserved 1114112K
  class space    used 3349K, committed 3584K, reserved 1048576K
GC Heap History (14 events):
Event: 0.485 GC heap before
{Heap before GC invocations=0 (full 0):
 garbage-first heap   total 524288K, used 24576K [0x0000000600c00000, 0x0000000800000000)
  region size 4096K, 6 young (24576K), 0 survivors (0K)
 Metaspace       used 6019K, committed 6144K, reserved 1114112K
  class space    used 655K, committed 704K, reserved 1048576K
}
Event: 0.490 GC heap after
{Heap after GC invocations=1 (full 0):
 garbage-first heap   total 524288K, used 4096K [0x0000000600c00000, 0x0000000800000000)
  region size 4096K, 1 young (4096K), 1 survivors (4096K)
 Metaspace       used 6019K, committed 6144K, reserved 1114112K
  class space    used 655K, committed 704K, reserved 1048576K
}
Event: 0.919 GC heap before
{Heap before GC invocations=1 (full 0):
 garbage-first heap   total 524288K, used 32768K [0x0000000600c00000, 0x0000000800000000)
  region size 4096K, 8 young (32768K), 1 survivors (4096K)
 Metaspace       used 10598K, committed 10816K, reserved 1114112K
  class space    used 1221K, committed 1344K, reserved 1048576K
}
Event: 0.923 GC heap after
{Heap after GC invocations=2 (full 0):
 garbage-first heap   total 524288K, used 5729K [0x0000000600c00000, 0x0000000800000000)
  region size 4096K, 1 young (4096K), 1 survivors (4096K)
 Metaspace       used 10598K, committed 10816K, reserved 1114112K
  class space    used 1221K, committed 1344K, reserved 1048576K
}
Event: 2.166 GC heap before
{Heap before GC invocations=2 (full 0):
 garbage-first heap   total 524288K, used 136801K [0x0000000600c00000, 0x0000000800000000)
  region size 4096K, 26 young (106496K), 1 survivors (4096K)
 Metaspace       used 21163K, committed 21504K, reserved 1114112K
  class space    used 2297K, committed 2432K, reserved 1048576K
}
Event: 2.172 GC heap after
{Heap after GC invocations=3 (full 0):
 garbage-first heap   total 524288K, used 14058K [0x0000000600c00000, 0x0000000800000000)
  region size 4096K, 3 young (12288K), 3 survivors (12288K)
 Metaspace       used 21163K, committed 21504K, reserved 1114112K
  class space    used 2297K, committed 2432K, reserved 1048576K
}
Event: 2.881 GC heap before
{Heap before GC invocations=4 (full 0):
 garbage-first heap   total 69632K, used 67306K [0x0000000600c00000, 0x0000000800000000)
  region size 4096K, 16 young (65536K), 3 survivors (12288K)
 Metaspace       used 25811K, committed 26240K, reserved 1114112K
  class space    used 2797K, committed 3008K, reserved 1048576K
}
Event: 2.891 GC heap after
{Heap after GC invocations=5 (full 0):
 garbage-first heap   total 94208K, used 24637K [0x0000000600c00000, 0x0000000800000000)
  region size 4096K, 6 young (24576K), 6 survivors (24576K)
 Metaspace       used 25811K, committed 26240K, reserved 1114112K
  class space    used 2797K, committed 3008K, reserved 1048576K
}
Event: 3.210 GC heap before
{Heap before GC invocations=5 (full 0):
 garbage-first heap   total 94208K, used 53309K [0x0000000600c00000, 0x0000000800000000)
  region size 4096K, 13 young (53248K), 6 survivors (24576K)
 Metaspace       used 28227K, committed 28736K, reserved 1114112K
  class space    used 3070K, committed 3328K, reserved 1048576K
}
Event: 3.217 GC heap after
{Heap after GC invocations=6 (full 0):
 garbage-first heap   total 94208K, used 20696K [0x0000000600c00000, 0x0000000800000000)
  region size 4096K, 1 young (4096K), 1 survivors (4096K)
 Metaspace       used 28227K, committed 28736K, reserved 1114112K
  class space    used 3070K, committed 3328K, reserved 1048576K
}
Event: 3.532 GC heap before
{Heap before GC invocations=6 (full 0):
 garbage-first heap   total 94208K, used 61656K [0x0000000600c00000, 0x0000000800000000)
  region size 4096K, 11 young (45056K), 1 survivors (4096K)
 Metaspace       used 28546K, committed 29056K, reserved 1114112K
  class space    used 3087K, committed 3328K, reserved 1048576K
}
Event: 3.539 GC heap after
{Heap after GC invocations=7 (full 0):
 garbage-first heap   total 94208K, used 31226K [0x0000000600c00000, 0x0000000800000000)
  region size 4096K, 2 young (8192K), 2 survivors (8192K)
 Metaspace       used 28546K, committed 29056K, reserved 1114112K
  class space    used 3087K, committed 3328K, reserved 1048576K
}
Event: 3.873 GC heap before
{Heap before GC invocations=7 (full 0):
 garbage-first heap   total 94208K, used 55802K [0x0000000600c00000, 0x0000000800000000)
  region size 4096K, 9 young (36864K), 2 survivors (8192K)
 Metaspace       used 29839K, committed 30400K, reserved 1114112K
  class space    used 3235K, committed 3520K, reserved 1048576K
}
Event: 3.878 GC heap after
{Heap after GC invocations=8 (full 0):
 garbage-first heap   total 311296K, used 28748K [0x0000000600c00000, 0x0000000800000000)
  region size 4096K, 1 young (4096K), 1 survivors (4096K)
 Metaspace       used 29839K, committed 30400K, reserved 1114112K
  class space    used 3235K, committed 3520K, reserved 1048576K
}

